

Started GET "/" for 127.2.22.1 at 2014-03-28 03:31:50 -0400
Processing by Rails::WelcomeController#index as HTML
  Rendered /usr/libexec/openshift/cartridges/c9-0.1/root/lib/ruby/gems/gems/railties-4.0.0/lib/rails/templates/rails/welcome/index.html.erb (56.3ms)
Completed 200 OK in 465ms (Views: 381.5ms | ActiveRecord: 0.0ms)


Started GET "/rails/info/properties" for 127.2.22.1 at 2014-03-28 03:43:52 -0400


Started GET "/rails/info/properties" for 127.2.22.1 at 2014-03-28 03:46:20 -0400
Processing by Rails::InfoController#properties as HTML
  Rendered /usr/libexec/openshift/cartridges/c9-0.1/root/lib/ruby/gems/gems/railties-4.0.0/lib/rails/templates/rails/info/properties.html.erb within layouts/application (5.9ms)
Completed 200 OK in 473ms (Views: 227.4ms | ActiveRecord: 11.9ms)


Started GET "/rails/info/routes" for 127.2.22.1 at 2014-03-28 03:46:34 -0400
Processing by Rails::InfoController#routes as HTML
  Rendered /usr/libexec/openshift/cartridges/c9-0.1/root/lib/ruby/gems/gems/actionpack-4.0.0/lib/action_dispatch/middleware/templates/routes/_table.html.erb (200.6ms)
  Rendered /usr/libexec/openshift/cartridges/c9-0.1/root/lib/ruby/gems/gems/railties-4.0.0/lib/rails/templates/rails/info/routes.html.erb within layouts/application (260.3ms)
Completed 200 OK in 273ms (Views: 271.6ms | ActiveRecord: 0.0ms)


Started GET "/rails/info/routes" for 127.2.22.1 at 2014-03-28 03:50:01 -0400
Processing by Rails::InfoController#routes as HTML
  Rendered /usr/libexec/openshift/cartridges/c9-0.1/root/lib/ruby/gems/gems/actionpack-4.0.0/lib/action_dispatch/middleware/templates/routes/_table.html.erb (0.4ms)
  Rendered /usr/libexec/openshift/cartridges/c9-0.1/root/lib/ruby/gems/gems/railties-4.0.0/lib/rails/templates/rails/info/routes.html.erb within layouts/application (4.5ms)
Completed 200 OK in 16ms (Views: 15.2ms | ActiveRecord: 0.0ms)


Started GET "/rails/info/routes" for 127.2.22.1 at 2014-03-28 03:50:20 -0400
Processing by Rails::InfoController#routes as HTML
  Rendered /usr/libexec/openshift/cartridges/c9-0.1/root/lib/ruby/gems/gems/actionpack-4.0.0/lib/action_dispatch/middleware/templates/routes/_table.html.erb (5.8ms)
  Rendered /usr/libexec/openshift/cartridges/c9-0.1/root/lib/ruby/gems/gems/railties-4.0.0/lib/rails/templates/rails/info/routes.html.erb within layouts/application (16.5ms)
Completed 200 OK in 121ms (Views: 120.2ms | ActiveRecord: 0.0ms)


Started GET "/rails/info/properties" for 127.2.22.1 at 2014-03-28 03:51:11 -0400
Processing by Rails::InfoController#properties as HTML
  Rendered /usr/libexec/openshift/cartridges/c9-0.1/root/lib/ruby/gems/gems/railties-4.0.0/lib/rails/templates/rails/info/properties.html.erb within layouts/application (0.1ms)
Completed 200 OK in 4ms (Views: 3.7ms | ActiveRecord: 0.0ms)


Started GET "/" for 127.2.22.1 at 2014-03-28 05:03:10 -0400
Processing by Rails::WelcomeController#index as HTML
  Rendered /usr/libexec/openshift/cartridges/c9-0.1/root/lib/ruby/gems/gems/railties-4.0.0/lib/rails/templates/rails/welcome/index.html.erb (9.9ms)
Completed 200 OK in 282ms (Views: 216.4ms | ActiveRecord: 0.0ms)


Started GET "/" for 127.2.22.1 at 2014-03-28 05:09:52 -0400
Processing by Rails::WelcomeController#index as HTML
  Rendered /usr/libexec/openshift/cartridges/c9-0.1/root/lib/ruby/gems/gems/railties-4.0.0/lib/rails/templates/rails/welcome/index.html.erb (0.1ms)
Completed 200 OK in 5ms (Views: 4.2ms | ActiveRecord: 0.0ms)


Started GET "/?x=12" for 127.2.22.1 at 2014-03-28 05:10:05 -0400
Processing by Rails::WelcomeController#index as HTML
  Parameters: {"x"=>"12"}
  Rendered /usr/libexec/openshift/cartridges/c9-0.1/root/lib/ruby/gems/gems/railties-4.0.0/lib/rails/templates/rails/welcome/index.html.erb (0.1ms)
Completed 200 OK in 6ms (Views: 4.8ms | ActiveRecord: 0.0ms)


Started GET "/application" for 127.2.22.1 at 2014-03-28 05:11:31 -0400

ActionController::RoutingError (No route matches [GET] "/application"):
  actionpack (4.0.0) lib/action_dispatch/middleware/debug_exceptions.rb:21:in `call'
  actionpack (4.0.0) lib/action_dispatch/middleware/show_exceptions.rb:30:in `call'
  railties (4.0.0) lib/rails/rack/logger.rb:38:in `call_app'
  railties (4.0.0) lib/rails/rack/logger.rb:21:in `block in call'
  activesupport (4.0.0) lib/active_support/tagged_logging.rb:67:in `block in tagged'
  activesupport (4.0.0) lib/active_support/tagged_logging.rb:25:in `tagged'
  activesupport (4.0.0) lib/active_support/tagged_logging.rb:67:in `tagged'
  railties (4.0.0) lib/rails/rack/logger.rb:21:in `call'
  actionpack (4.0.0) lib/action_dispatch/middleware/request_id.rb:21:in `call'
  rack (1.5.2) lib/rack/methodoverride.rb:21:in `call'
  rack (1.5.2) lib/rack/runtime.rb:17:in `call'
  activesupport (4.0.0) lib/active_support/cache/strategy/local_cache.rb:83:in `call'
  rack (1.5.2) lib/rack/lock.rb:17:in `call'
  actionpack (4.0.0) lib/action_dispatch/middleware/static.rb:64:in `call'
  railties (4.0.0) lib/rails/engine.rb:511:in `call'
  railties (4.0.0) lib/rails/application.rb:97:in `call'
  rack (1.5.2) lib/rack/lock.rb:17:in `call'
  rack (1.5.2) lib/rack/content_length.rb:14:in `call'
  rack (1.5.2) lib/rack/handler/webrick.rb:60:in `service'
  /opt/rh/ruby193/root/usr/share/ruby/webrick/httpserver.rb:138:in `service'
  /opt/rh/ruby193/root/usr/share/ruby/webrick/httpserver.rb:94:in `run'
  /opt/rh/ruby193/root/usr/share/ruby/webrick/server.rb:191:in `block in start_thread'


  Rendered /usr/libexec/openshift/cartridges/c9-0.1/root/lib/ruby/gems/gems/actionpack-4.0.0/lib/action_dispatch/middleware/templates/rescues/_trace.erb (1.9ms)
  Rendered /usr/libexec/openshift/cartridges/c9-0.1/root/lib/ruby/gems/gems/actionpack-4.0.0/lib/action_dispatch/middleware/templates/routes/_table.html.erb (13.1ms)
  Rendered /usr/libexec/openshift/cartridges/c9-0.1/root/lib/ruby/gems/gems/actionpack-4.0.0/lib/action_dispatch/middleware/templates/rescues/routing_error.erb within rescues/layout (168.6ms)


Started GET "/" for 127.2.22.1 at 2014-03-28 05:11:55 -0400
Processing by Rails::WelcomeController#index as HTML
  Rendered /usr/libexec/openshift/cartridges/c9-0.1/root/lib/ruby/gems/gems/railties-4.0.0/lib/rails/templates/rails/welcome/index.html.erb (0.1ms)
Completed 200 OK in 8ms (Views: 7.1ms | ActiveRecord: 0.0ms)


Started GET "/" for 127.2.22.1 at 2014-03-28 05:12:17 -0400
Processing by Rails::WelcomeController#index as HTML
  Rendered /usr/libexec/openshift/cartridges/c9-0.1/root/lib/ruby/gems/gems/railties-4.0.0/lib/rails/templates/rails/welcome/index.html.erb (0.1ms)
Completed 200 OK in 5ms (Views: 4.0ms | ActiveRecord: 0.0ms)


Started GET "/" for 127.2.22.1 at 2014-03-28 05:12:20 -0400
Processing by Rails::WelcomeController#index as HTML
  Rendered /usr/libexec/openshift/cartridges/c9-0.1/root/lib/ruby/gems/gems/railties-4.0.0/lib/rails/templates/rails/welcome/index.html.erb (0.1ms)
Completed 200 OK in 10ms (Views: 4.2ms | ActiveRecord: 0.0ms)


Started GET "/" for 127.2.22.1 at 2014-03-28 05:13:08 -0400
Processing by Rails::WelcomeController#index as HTML
  Rendered /usr/libexec/openshift/cartridges/c9-0.1/root/lib/ruby/gems/gems/railties-4.0.0/lib/rails/templates/rails/welcome/index.html.erb (17.1ms)
Completed 200 OK in 308ms (Views: 211.1ms | ActiveRecord: 0.0ms)


Started GET "/" for 127.2.22.1 at 2014-03-28 05:48:08 -0400

SyntaxError (/var/lib/stickshift/5331773e5973cae52c00004b/app-root/data/811745/app/controllers/application_controller.rb:5: syntax error, unexpected tIDENTIFIER, expecting keyword_end
  Rails.logger.warn "X: " request.GET["x"]
                                 ^):
  activesupport (4.0.0) lib/active_support/dependencies.rb:423:in `load'
  activesupport (4.0.0) lib/active_support/dependencies.rb:423:in `block in load_file'
  activesupport (4.0.0) lib/active_support/dependencies.rb:615:in `new_constants_in'
  activesupport (4.0.0) lib/active_support/dependencies.rb:422:in `load_file'
  activesupport (4.0.0) lib/active_support/dependencies.rb:323:in `require_or_load'
  activesupport (4.0.0) lib/active_support/dependencies.rb:462:in `load_missing_constant'
  activesupport (4.0.0) lib/active_support/dependencies.rb:183:in `const_missing'
  activesupport (4.0.0) lib/active_support/inflector/methods.rb:226:in `const_get'
  activesupport (4.0.0) lib/active_support/inflector/methods.rb:226:in `block in constantize'
  activesupport (4.0.0) lib/active_support/inflector/methods.rb:224:in `each'
  activesupport (4.0.0) lib/active_support/inflector/methods.rb:224:in `inject'
  activesupport (4.0.0) lib/active_support/inflector/methods.rb:224:in `constantize'
  activesupport (4.0.0) lib/active_support/dependencies.rb:534:in `get'
  activesupport (4.0.0) lib/active_support/dependencies.rb:565:in `constantize'
  actionpack (4.0.0) lib/action_dispatch/routing/route_set.rb:76:in `controller_reference'
  actionpack (4.0.0) lib/action_dispatch/routing/route_set.rb:66:in `controller'
  actionpack (4.0.0) lib/action_dispatch/routing/route_set.rb:44:in `call'
  actionpack (4.0.0) lib/action_dispatch/journey/router.rb:71:in `block in call'
  actionpack (4.0.0) lib/action_dispatch/journey/router.rb:59:in `each'
  actionpack (4.0.0) lib/action_dispatch/journey/router.rb:59:in `call'
  actionpack (4.0.0) lib/action_dispatch/routing/route_set.rb:655:in `call'
  rack (1.5.2) lib/rack/etag.rb:23:in `call'
  rack (1.5.2) lib/rack/conditionalget.rb:25:in `call'
  rack (1.5.2) lib/rack/head.rb:11:in `call'
  actionpack (4.0.0) lib/action_dispatch/middleware/params_parser.rb:27:in `call'
  actionpack (4.0.0) lib/action_dispatch/middleware/flash.rb:241:in `call'
  rack (1.5.2) lib/rack/session/abstract/id.rb:225:in `context'
  rack (1.5.2) lib/rack/session/abstract/id.rb:220:in `call'
  actionpack (4.0.0) lib/action_dispatch/middleware/cookies.rb:486:in `call'
  activerecord (4.0.0) lib/active_record/query_cache.rb:36:in `call'
  activerecord (4.0.0) lib/active_record/connection_adapters/abstract/connection_pool.rb:626:in `call'
  activerecord (4.0.0) lib/active_record/migration.rb:369:in `call'
  actionpack (4.0.0) lib/action_dispatch/middleware/callbacks.rb:29:in `block in call'
  activesupport (4.0.0) lib/active_support/callbacks.rb:373:in `_run__1348502561989157441__call__callbacks'
  activesupport (4.0.0) lib/active_support/callbacks.rb:80:in `run_callbacks'
  actionpack (4.0.0) lib/action_dispatch/middleware/callbacks.rb:27:in `call'
  actionpack (4.0.0) lib/action_dispatch/middleware/reloader.rb:64:in `call'
  actionpack (4.0.0) lib/action_dispatch/middleware/remote_ip.rb:76:in `call'
  actionpack (4.0.0) lib/action_dispatch/middleware/debug_exceptions.rb:17:in `call'
  actionpack (4.0.0) lib/action_dispatch/middleware/show_exceptions.rb:30:in `call'
  railties (4.0.0) lib/rails/rack/logger.rb:38:in `call_app'
  railties (4.0.0) lib/rails/rack/logger.rb:21:in `block in call'
  activesupport (4.0.0) lib/active_support/tagged_logging.rb:67:in `block in tagged'
  activesupport (4.0.0) lib/active_support/tagged_logging.rb:25:in `tagged'
  activesupport (4.0.0) lib/active_support/tagged_logging.rb:67:in `tagged'
  railties (4.0.0) lib/rails/rack/logger.rb:21:in `call'
  actionpack (4.0.0) lib/action_dispatch/middleware/request_id.rb:21:in `call'
  rack (1.5.2) lib/rack/methodoverride.rb:21:in `call'
  rack (1.5.2) lib/rack/runtime.rb:17:in `call'
  activesupport (4.0.0) lib/active_support/cache/strategy/local_cache.rb:83:in `call'
  rack (1.5.2) lib/rack/lock.rb:17:in `call'
  actionpack (4.0.0) lib/action_dispatch/middleware/static.rb:64:in `call'
  railties (4.0.0) lib/rails/engine.rb:511:in `call'
  railties (4.0.0) lib/rails/application.rb:97:in `call'
  rack (1.5.2) lib/rack/lock.rb:17:in `call'
  rack (1.5.2) lib/rack/content_length.rb:14:in `call'
  rack (1.5.2) lib/rack/handler/webrick.rb:60:in `service'
  /opt/rh/ruby193/root/usr/share/ruby/webrick/httpserver.rb:138:in `service'
  /opt/rh/ruby193/root/usr/share/ruby/webrick/httpserver.rb:94:in `run'
  /opt/rh/ruby193/root/usr/share/ruby/webrick/server.rb:191:in `block in start_thread'




Started GET "/" for 127.2.22.1 at 2014-03-28 05:58:04 -0400

SyntaxError (/var/lib/stickshift/5331773e5973cae52c00004b/app-root/data/811745/app/controllers/application_controller.rb:11: syntax error, unexpected tIDENTIFIER, expecting keyword_end
          Rails.logger.warn "X: " request.GET["x"]
                                         ^):
  activesupport (4.0.0) lib/active_support/dependencies.rb:423:in `load'
  activesupport (4.0.0) lib/active_support/dependencies.rb:423:in `block in load_file'
  activesupport (4.0.0) lib/active_support/dependencies.rb:615:in `new_constants_in'
  activesupport (4.0.0) lib/active_support/dependencies.rb:422:in `load_file'
  activesupport (4.0.0) lib/active_support/dependencies.rb:323:in `require_or_load'
  activesupport (4.0.0) lib/active_support/dependencies.rb:462:in `load_missing_constant'
  activesupport (4.0.0) lib/active_support/dependencies.rb:183:in `const_missing'
  activesupport (4.0.0) lib/active_support/inflector/methods.rb:226:in `const_get'
  activesupport (4.0.0) lib/active_support/inflector/methods.rb:226:in `block in constantize'
  activesupport (4.0.0) lib/active_support/inflector/methods.rb:224:in `each'
  activesupport (4.0.0) lib/active_support/inflector/methods.rb:224:in `inject'
  activesupport (4.0.0) lib/active_support/inflector/methods.rb:224:in `constantize'
  activesupport (4.0.0) lib/active_support/dependencies.rb:534:in `get'
  activesupport (4.0.0) lib/active_support/dependencies.rb:565:in `constantize'
  actionpack (4.0.0) lib/action_dispatch/routing/route_set.rb:76:in `controller_reference'
  actionpack (4.0.0) lib/action_dispatch/routing/route_set.rb:66:in `controller'
  actionpack (4.0.0) lib/action_dispatch/routing/route_set.rb:44:in `call'
  actionpack (4.0.0) lib/action_dispatch/journey/router.rb:71:in `block in call'
  actionpack (4.0.0) lib/action_dispatch/journey/router.rb:59:in `each'
  actionpack (4.0.0) lib/action_dispatch/journey/router.rb:59:in `call'
  actionpack (4.0.0) lib/action_dispatch/routing/route_set.rb:655:in `call'
  rack (1.5.2) lib/rack/etag.rb:23:in `call'
  rack (1.5.2) lib/rack/conditionalget.rb:25:in `call'
  rack (1.5.2) lib/rack/head.rb:11:in `call'
  actionpack (4.0.0) lib/action_dispatch/middleware/params_parser.rb:27:in `call'
  actionpack (4.0.0) lib/action_dispatch/middleware/flash.rb:241:in `call'
  rack (1.5.2) lib/rack/session/abstract/id.rb:225:in `context'
  rack (1.5.2) lib/rack/session/abstract/id.rb:220:in `call'
  actionpack (4.0.0) lib/action_dispatch/middleware/cookies.rb:486:in `call'
  activerecord (4.0.0) lib/active_record/query_cache.rb:36:in `call'
  activerecord (4.0.0) lib/active_record/connection_adapters/abstract/connection_pool.rb:626:in `call'
  activerecord (4.0.0) lib/active_record/migration.rb:369:in `call'
  actionpack (4.0.0) lib/action_dispatch/middleware/callbacks.rb:29:in `block in call'
  activesupport (4.0.0) lib/active_support/callbacks.rb:373:in `_run__2023655024914801770__call__callbacks'
  activesupport (4.0.0) lib/active_support/callbacks.rb:80:in `run_callbacks'
  actionpack (4.0.0) lib/action_dispatch/middleware/callbacks.rb:27:in `call'
  actionpack (4.0.0) lib/action_dispatch/middleware/reloader.rb:64:in `call'
  actionpack (4.0.0) lib/action_dispatch/middleware/remote_ip.rb:76:in `call'
  actionpack (4.0.0) lib/action_dispatch/middleware/debug_exceptions.rb:17:in `call'
  actionpack (4.0.0) lib/action_dispatch/middleware/show_exceptions.rb:30:in `call'
  railties (4.0.0) lib/rails/rack/logger.rb:38:in `call_app'
  railties (4.0.0) lib/rails/rack/logger.rb:21:in `block in call'
  activesupport (4.0.0) lib/active_support/tagged_logging.rb:67:in `block in tagged'
  activesupport (4.0.0) lib/active_support/tagged_logging.rb:25:in `tagged'
  activesupport (4.0.0) lib/active_support/tagged_logging.rb:67:in `tagged'
  railties (4.0.0) lib/rails/rack/logger.rb:21:in `call'
  actionpack (4.0.0) lib/action_dispatch/middleware/request_id.rb:21:in `call'
  rack (1.5.2) lib/rack/methodoverride.rb:21:in `call'
  rack (1.5.2) lib/rack/runtime.rb:17:in `call'
  activesupport (4.0.0) lib/active_support/cache/strategy/local_cache.rb:83:in `call'
  rack (1.5.2) lib/rack/lock.rb:17:in `call'
  actionpack (4.0.0) lib/action_dispatch/middleware/static.rb:64:in `call'
  railties (4.0.0) lib/rails/engine.rb:511:in `call'
  railties (4.0.0) lib/rails/application.rb:97:in `call'
  rack (1.5.2) lib/rack/lock.rb:17:in `call'
  rack (1.5.2) lib/rack/content_length.rb:14:in `call'
  rack (1.5.2) lib/rack/handler/webrick.rb:60:in `service'
  /opt/rh/ruby193/root/usr/share/ruby/webrick/httpserver.rb:138:in `service'
  /opt/rh/ruby193/root/usr/share/ruby/webrick/httpserver.rb:94:in `run'
  /opt/rh/ruby193/root/usr/share/ruby/webrick/server.rb:191:in `block in start_thread'


  Rendered /usr/libexec/openshift/cartridges/c9-0.1/root/lib/ruby/gems/gems/actionpack-4.0.0/lib/action_dispatch/middleware/templates/rescues/_source.erb (0.9ms)
  Rendered /usr/libexec/openshift/cartridges/c9-0.1/root/lib/ruby/gems/gems/actionpack-4.0.0/lib/action_dispatch/middleware/templates/rescues/_trace.erb (61.0ms)
  Rendered /usr/libexec/openshift/cartridges/c9-0.1/root/lib/ruby/gems/gems/actionpack-4.0.0/lib/action_dispatch/middleware/templates/rescues/_request_and_response.erb (195.5ms)
  Rendered /usr/libexec/openshift/cartridges/c9-0.1/root/lib/ruby/gems/gems/actionpack-4.0.0/lib/action_dispatch/middleware/templates/rescues/diagnostics.erb within rescues/layout (351.5ms)


Started GET "/?x=y" for 127.2.22.1 at 2014-03-28 05:58:20 -0400

SyntaxError (/var/lib/stickshift/5331773e5973cae52c00004b/app-root/data/811745/app/controllers/application_controller.rb:11: syntax error, unexpected tIDENTIFIER, expecting keyword_end
          Rails.logger.warn "X: " request.GET["x"]
                                         ^):
  activesupport (4.0.0) lib/active_support/dependencies.rb:423:in `load'
  activesupport (4.0.0) lib/active_support/dependencies.rb:423:in `block in load_file'
  activesupport (4.0.0) lib/active_support/dependencies.rb:615:in `new_constants_in'
  activesupport (4.0.0) lib/active_support/dependencies.rb:422:in `load_file'
  activesupport (4.0.0) lib/active_support/dependencies.rb:323:in `require_or_load'
  activesupport (4.0.0) lib/active_support/dependencies.rb:462:in `load_missing_constant'
  activesupport (4.0.0) lib/active_support/dependencies.rb:183:in `const_missing'
  activesupport (4.0.0) lib/active_support/inflector/methods.rb:226:in `const_get'
  activesupport (4.0.0) lib/active_support/inflector/methods.rb:226:in `block in constantize'
  activesupport (4.0.0) lib/active_support/inflector/methods.rb:224:in `each'
  activesupport (4.0.0) lib/active_support/inflector/methods.rb:224:in `inject'
  activesupport (4.0.0) lib/active_support/inflector/methods.rb:224:in `constantize'
  activesupport (4.0.0) lib/active_support/dependencies.rb:534:in `get'
  activesupport (4.0.0) lib/active_support/dependencies.rb:565:in `constantize'
  actionpack (4.0.0) lib/action_dispatch/routing/route_set.rb:76:in `controller_reference'
  actionpack (4.0.0) lib/action_dispatch/routing/route_set.rb:66:in `controller'
  actionpack (4.0.0) lib/action_dispatch/routing/route_set.rb:44:in `call'
  actionpack (4.0.0) lib/action_dispatch/journey/router.rb:71:in `block in call'
  actionpack (4.0.0) lib/action_dispatch/journey/router.rb:59:in `each'
  actionpack (4.0.0) lib/action_dispatch/journey/router.rb:59:in `call'
  actionpack (4.0.0) lib/action_dispatch/routing/route_set.rb:655:in `call'
  rack (1.5.2) lib/rack/etag.rb:23:in `call'
  rack (1.5.2) lib/rack/conditionalget.rb:25:in `call'
  rack (1.5.2) lib/rack/head.rb:11:in `call'
  actionpack (4.0.0) lib/action_dispatch/middleware/params_parser.rb:27:in `call'
  actionpack (4.0.0) lib/action_dispatch/middleware/flash.rb:241:in `call'
  rack (1.5.2) lib/rack/session/abstract/id.rb:225:in `context'
  rack (1.5.2) lib/rack/session/abstract/id.rb:220:in `call'
  actionpack (4.0.0) lib/action_dispatch/middleware/cookies.rb:486:in `call'
  activerecord (4.0.0) lib/active_record/query_cache.rb:36:in `call'
  activerecord (4.0.0) lib/active_record/connection_adapters/abstract/connection_pool.rb:626:in `call'
  activerecord (4.0.0) lib/active_record/migration.rb:369:in `call'
  actionpack (4.0.0) lib/action_dispatch/middleware/callbacks.rb:29:in `block in call'
  activesupport (4.0.0) lib/active_support/callbacks.rb:373:in `_run__2023655024914801770__call__callbacks'
  activesupport (4.0.0) lib/active_support/callbacks.rb:80:in `run_callbacks'
  actionpack (4.0.0) lib/action_dispatch/middleware/callbacks.rb:27:in `call'
  actionpack (4.0.0) lib/action_dispatch/middleware/reloader.rb:64:in `call'
  actionpack (4.0.0) lib/action_dispatch/middleware/remote_ip.rb:76:in `call'
  actionpack (4.0.0) lib/action_dispatch/middleware/debug_exceptions.rb:17:in `call'
  actionpack (4.0.0) lib/action_dispatch/middleware/show_exceptions.rb:30:in `call'
  railties (4.0.0) lib/rails/rack/logger.rb:38:in `call_app'
  railties (4.0.0) lib/rails/rack/logger.rb:21:in `block in call'
  activesupport (4.0.0) lib/active_support/tagged_logging.rb:67:in `block in tagged'
  activesupport (4.0.0) lib/active_support/tagged_logging.rb:25:in `tagged'
  activesupport (4.0.0) lib/active_support/tagged_logging.rb:67:in `tagged'
  railties (4.0.0) lib/rails/rack/logger.rb:21:in `call'
  actionpack (4.0.0) lib/action_dispatch/middleware/request_id.rb:21:in `call'
  rack (1.5.2) lib/rack/methodoverride.rb:21:in `call'
  rack (1.5.2) lib/rack/runtime.rb:17:in `call'
  activesupport (4.0.0) lib/active_support/cache/strategy/local_cache.rb:83:in `call'
  rack (1.5.2) lib/rack/lock.rb:17:in `call'
  actionpack (4.0.0) lib/action_dispatch/middleware/static.rb:64:in `call'
  railties (4.0.0) lib/rails/engine.rb:511:in `call'
  railties (4.0.0) lib/rails/application.rb:97:in `call'
  rack (1.5.2) lib/rack/lock.rb:17:in `call'
  rack (1.5.2) lib/rack/content_length.rb:14:in `call'
  rack (1.5.2) lib/rack/handler/webrick.rb:60:in `service'
  /opt/rh/ruby193/root/usr/share/ruby/webrick/httpserver.rb:138:in `service'
  /opt/rh/ruby193/root/usr/share/ruby/webrick/httpserver.rb:94:in `run'
  /opt/rh/ruby193/root/usr/share/ruby/webrick/server.rb:191:in `block in start_thread'


  Rendered /usr/libexec/openshift/cartridges/c9-0.1/root/lib/ruby/gems/gems/actionpack-4.0.0/lib/action_dispatch/middleware/templates/rescues/_source.erb (0.9ms)
  Rendered /usr/libexec/openshift/cartridges/c9-0.1/root/lib/ruby/gems/gems/actionpack-4.0.0/lib/action_dispatch/middleware/templates/rescues/_trace.erb (1.6ms)
  Rendered /usr/libexec/openshift/cartridges/c9-0.1/root/lib/ruby/gems/gems/actionpack-4.0.0/lib/action_dispatch/middleware/templates/rescues/_request_and_response.erb (73.8ms)
  Rendered /usr/libexec/openshift/cartridges/c9-0.1/root/lib/ruby/gems/gems/actionpack-4.0.0/lib/action_dispatch/middleware/templates/rescues/diagnostics.erb within rescues/layout (171.1ms)


Started GET "/?x=y" for 127.2.22.1 at 2014-03-28 05:58:38 -0400

SyntaxError (/var/lib/stickshift/5331773e5973cae52c00004b/app-root/data/811745/app/controllers/application_controller.rb:11: syntax error, unexpected tIDENTIFIER, expecting keyword_end
          Rails.logger.warn "X: " request.GET
                                         ^):
  activesupport (4.0.0) lib/active_support/dependencies.rb:423:in `load'
  activesupport (4.0.0) lib/active_support/dependencies.rb:423:in `block in load_file'
  activesupport (4.0.0) lib/active_support/dependencies.rb:615:in `new_constants_in'
  activesupport (4.0.0) lib/active_support/dependencies.rb:422:in `load_file'
  activesupport (4.0.0) lib/active_support/dependencies.rb:323:in `require_or_load'
  activesupport (4.0.0) lib/active_support/dependencies.rb:462:in `load_missing_constant'
  activesupport (4.0.0) lib/active_support/dependencies.rb:183:in `const_missing'
  activesupport (4.0.0) lib/active_support/inflector/methods.rb:226:in `const_get'
  activesupport (4.0.0) lib/active_support/inflector/methods.rb:226:in `block in constantize'
  activesupport (4.0.0) lib/active_support/inflector/methods.rb:224:in `each'
  activesupport (4.0.0) lib/active_support/inflector/methods.rb:224:in `inject'
  activesupport (4.0.0) lib/active_support/inflector/methods.rb:224:in `constantize'
  activesupport (4.0.0) lib/active_support/dependencies.rb:534:in `get'
  activesupport (4.0.0) lib/active_support/dependencies.rb:565:in `constantize'
  actionpack (4.0.0) lib/action_dispatch/routing/route_set.rb:76:in `controller_reference'
  actionpack (4.0.0) lib/action_dispatch/routing/route_set.rb:66:in `controller'
  actionpack (4.0.0) lib/action_dispatch/routing/route_set.rb:44:in `call'
  actionpack (4.0.0) lib/action_dispatch/journey/router.rb:71:in `block in call'
  actionpack (4.0.0) lib/action_dispatch/journey/router.rb:59:in `each'
  actionpack (4.0.0) lib/action_dispatch/journey/router.rb:59:in `call'
  actionpack (4.0.0) lib/action_dispatch/routing/route_set.rb:655:in `call'
  rack (1.5.2) lib/rack/etag.rb:23:in `call'
  rack (1.5.2) lib/rack/conditionalget.rb:25:in `call'
  rack (1.5.2) lib/rack/head.rb:11:in `call'
  actionpack (4.0.0) lib/action_dispatch/middleware/params_parser.rb:27:in `call'
  actionpack (4.0.0) lib/action_dispatch/middleware/flash.rb:241:in `call'
  rack (1.5.2) lib/rack/session/abstract/id.rb:225:in `context'
  rack (1.5.2) lib/rack/session/abstract/id.rb:220:in `call'
  actionpack (4.0.0) lib/action_dispatch/middleware/cookies.rb:486:in `call'
  activerecord (4.0.0) lib/active_record/query_cache.rb:36:in `call'
  activerecord (4.0.0) lib/active_record/connection_adapters/abstract/connection_pool.rb:626:in `call'
  activerecord (4.0.0) lib/active_record/migration.rb:369:in `call'
  actionpack (4.0.0) lib/action_dispatch/middleware/callbacks.rb:29:in `block in call'
  activesupport (4.0.0) lib/active_support/callbacks.rb:373:in `_run__2023655024914801770__call__callbacks'
  activesupport (4.0.0) lib/active_support/callbacks.rb:80:in `run_callbacks'
  actionpack (4.0.0) lib/action_dispatch/middleware/callbacks.rb:27:in `call'
  actionpack (4.0.0) lib/action_dispatch/middleware/reloader.rb:64:in `call'
  actionpack (4.0.0) lib/action_dispatch/middleware/remote_ip.rb:76:in `call'
  actionpack (4.0.0) lib/action_dispatch/middleware/debug_exceptions.rb:17:in `call'
  actionpack (4.0.0) lib/action_dispatch/middleware/show_exceptions.rb:30:in `call'
  railties (4.0.0) lib/rails/rack/logger.rb:38:in `call_app'
  railties (4.0.0) lib/rails/rack/logger.rb:21:in `block in call'
  activesupport (4.0.0) lib/active_support/tagged_logging.rb:67:in `block in tagged'
  activesupport (4.0.0) lib/active_support/tagged_logging.rb:25:in `tagged'
  activesupport (4.0.0) lib/active_support/tagged_logging.rb:67:in `tagged'
  railties (4.0.0) lib/rails/rack/logger.rb:21:in `call'
  actionpack (4.0.0) lib/action_dispatch/middleware/request_id.rb:21:in `call'
  rack (1.5.2) lib/rack/methodoverride.rb:21:in `call'
  rack (1.5.2) lib/rack/runtime.rb:17:in `call'
  activesupport (4.0.0) lib/active_support/cache/strategy/local_cache.rb:83:in `call'
  rack (1.5.2) lib/rack/lock.rb:17:in `call'
  actionpack (4.0.0) lib/action_dispatch/middleware/static.rb:64:in `call'
  railties (4.0.0) lib/rails/engine.rb:511:in `call'
  railties (4.0.0) lib/rails/application.rb:97:in `call'
  rack (1.5.2) lib/rack/lock.rb:17:in `call'
  rack (1.5.2) lib/rack/content_length.rb:14:in `call'
  rack (1.5.2) lib/rack/handler/webrick.rb:60:in `service'
  /opt/rh/ruby193/root/usr/share/ruby/webrick/httpserver.rb:138:in `service'
  /opt/rh/ruby193/root/usr/share/ruby/webrick/httpserver.rb:94:in `run'
  /opt/rh/ruby193/root/usr/share/ruby/webrick/server.rb:191:in `block in start_thread'


  Rendered /usr/libexec/openshift/cartridges/c9-0.1/root/lib/ruby/gems/gems/actionpack-4.0.0/lib/action_dispatch/middleware/templates/rescues/_source.erb (1.0ms)
  Rendered /usr/libexec/openshift/cartridges/c9-0.1/root/lib/ruby/gems/gems/actionpack-4.0.0/lib/action_dispatch/middleware/templates/rescues/_trace.erb (1.6ms)
  Rendered /usr/libexec/openshift/cartridges/c9-0.1/root/lib/ruby/gems/gems/actionpack-4.0.0/lib/action_dispatch/middleware/templates/rescues/_request_and_response.erb (1.9ms)
  Rendered /usr/libexec/openshift/cartridges/c9-0.1/root/lib/ruby/gems/gems/actionpack-4.0.0/lib/action_dispatch/middleware/templates/rescues/diagnostics.erb within rescues/layout (103.9ms)


Started GET "/?x=y" for 127.2.22.1 at 2014-03-28 05:58:48 -0400

SyntaxError (/var/lib/stickshift/5331773e5973cae52c00004b/app-root/data/811745/app/controllers/application_controller.rb:11: syntax error, unexpected tIDENTIFIER, expecting keyword_end):
  activesupport (4.0.0) lib/active_support/dependencies.rb:423:in `load'
  activesupport (4.0.0) lib/active_support/dependencies.rb:423:in `block in load_file'
  activesupport (4.0.0) lib/active_support/dependencies.rb:615:in `new_constants_in'
  activesupport (4.0.0) lib/active_support/dependencies.rb:422:in `load_file'
  activesupport (4.0.0) lib/active_support/dependencies.rb:323:in `require_or_load'
  activesupport (4.0.0) lib/active_support/dependencies.rb:462:in `load_missing_constant'
  activesupport (4.0.0) lib/active_support/dependencies.rb:183:in `const_missing'
  activesupport (4.0.0) lib/active_support/inflector/methods.rb:226:in `const_get'
  activesupport (4.0.0) lib/active_support/inflector/methods.rb:226:in `block in constantize'
  activesupport (4.0.0) lib/active_support/inflector/methods.rb:224:in `each'
  activesupport (4.0.0) lib/active_support/inflector/methods.rb:224:in `inject'
  activesupport (4.0.0) lib/active_support/inflector/methods.rb:224:in `constantize'
  activesupport (4.0.0) lib/active_support/dependencies.rb:534:in `get'
  activesupport (4.0.0) lib/active_support/dependencies.rb:565:in `constantize'
  actionpack (4.0.0) lib/action_dispatch/routing/route_set.rb:76:in `controller_reference'
  actionpack (4.0.0) lib/action_dispatch/routing/route_set.rb:66:in `controller'
  actionpack (4.0.0) lib/action_dispatch/routing/route_set.rb:44:in `call'
  actionpack (4.0.0) lib/action_dispatch/journey/router.rb:71:in `block in call'
  actionpack (4.0.0) lib/action_dispatch/journey/router.rb:59:in `each'
  actionpack (4.0.0) lib/action_dispatch/journey/router.rb:59:in `call'
  actionpack (4.0.0) lib/action_dispatch/routing/route_set.rb:655:in `call'
  rack (1.5.2) lib/rack/etag.rb:23:in `call'
  rack (1.5.2) lib/rack/conditionalget.rb:25:in `call'
  rack (1.5.2) lib/rack/head.rb:11:in `call'
  actionpack (4.0.0) lib/action_dispatch/middleware/params_parser.rb:27:in `call'
  actionpack (4.0.0) lib/action_dispatch/middleware/flash.rb:241:in `call'
  rack (1.5.2) lib/rack/session/abstract/id.rb:225:in `context'
  rack (1.5.2) lib/rack/session/abstract/id.rb:220:in `call'
  actionpack (4.0.0) lib/action_dispatch/middleware/cookies.rb:486:in `call'
  activerecord (4.0.0) lib/active_record/query_cache.rb:36:in `call'
  activerecord (4.0.0) lib/active_record/connection_adapters/abstract/connection_pool.rb:626:in `call'
  activerecord (4.0.0) lib/active_record/migration.rb:369:in `call'
  actionpack (4.0.0) lib/action_dispatch/middleware/callbacks.rb:29:in `block in call'
  activesupport (4.0.0) lib/active_support/callbacks.rb:373:in `_run__2023655024914801770__call__callbacks'
  activesupport (4.0.0) lib/active_support/callbacks.rb:80:in `run_callbacks'
  actionpack (4.0.0) lib/action_dispatch/middleware/callbacks.rb:27:in `call'
  actionpack (4.0.0) lib/action_dispatch/middleware/reloader.rb:64:in `call'
  actionpack (4.0.0) lib/action_dispatch/middleware/remote_ip.rb:76:in `call'
  actionpack (4.0.0) lib/action_dispatch/middleware/debug_exceptions.rb:17:in `call'
  actionpack (4.0.0) lib/action_dispatch/middleware/show_exceptions.rb:30:in `call'
  railties (4.0.0) lib/rails/rack/logger.rb:38:in `call_app'
  railties (4.0.0) lib/rails/rack/logger.rb:21:in `block in call'
  activesupport (4.0.0) lib/active_support/tagged_logging.rb:67:in `block in tagged'
  activesupport (4.0.0) lib/active_support/tagged_logging.rb:25:in `tagged'
  activesupport (4.0.0) lib/active_support/tagged_logging.rb:67:in `tagged'
  railties (4.0.0) lib/rails/rack/logger.rb:21:in `call'
  actionpack (4.0.0) lib/action_dispatch/middleware/request_id.rb:21:in `call'
  rack (1.5.2) lib/rack/methodoverride.rb:21:in `call'
  rack (1.5.2) lib/rack/runtime.rb:17:in `call'
  activesupport (4.0.0) lib/active_support/cache/strategy/local_cache.rb:83:in `call'
  rack (1.5.2) lib/rack/lock.rb:17:in `call'
  actionpack (4.0.0) lib/action_dispatch/middleware/static.rb:64:in `call'
  railties (4.0.0) lib/rails/engine.rb:511:in `call'
  railties (4.0.0) lib/rails/application.rb:97:in `call'
  rack (1.5.2) lib/rack/lock.rb:17:in `call'
  rack (1.5.2) lib/rack/content_length.rb:14:in `call'
  rack (1.5.2) lib/rack/handler/webrick.rb:60:in `service'
  /opt/rh/ruby193/root/usr/share/ruby/webrick/httpserver.rb:138:in `service'
  /opt/rh/ruby193/root/usr/share/ruby/webrick/httpserver.rb:94:in `run'
  /opt/rh/ruby193/root/usr/share/ruby/webrick/server.rb:191:in `block in start_thread'


  Rendered /usr/libexec/openshift/cartridges/c9-0.1/root/lib/ruby/gems/gems/actionpack-4.0.0/lib/action_dispatch/middleware/templates/rescues/_source.erb (0.9ms)
  Rendered /usr/libexec/openshift/cartridges/c9-0.1/root/lib/ruby/gems/gems/actionpack-4.0.0/lib/action_dispatch/middleware/templates/rescues/_trace.erb (1.6ms)
  Rendered /usr/libexec/openshift/cartridges/c9-0.1/root/lib/ruby/gems/gems/actionpack-4.0.0/lib/action_dispatch/middleware/templates/rescues/_request_and_response.erb (2.0ms)
  Rendered /usr/libexec/openshift/cartridges/c9-0.1/root/lib/ruby/gems/gems/actionpack-4.0.0/lib/action_dispatch/middleware/templates/rescues/diagnostics.erb within rescues/layout (100.4ms)


Started GET "/?x=y" for 127.2.22.1 at 2014-03-28 06:02:02 -0400

SyntaxError (/var/lib/stickshift/5331773e5973cae52c00004b/app-root/data/811745/app/controllers/application_controller.rb:14: syntax error, unexpected tIDENTIFIER, expecting keyword_end
                Rails.logger.warn "X: " search   
                                              ^):
  activesupport (4.0.0) lib/active_support/dependencies.rb:423:in `load'
  activesupport (4.0.0) lib/active_support/dependencies.rb:423:in `block in load_file'
  activesupport (4.0.0) lib/active_support/dependencies.rb:615:in `new_constants_in'
  activesupport (4.0.0) lib/active_support/dependencies.rb:422:in `load_file'
  activesupport (4.0.0) lib/active_support/dependencies.rb:323:in `require_or_load'
  activesupport (4.0.0) lib/active_support/dependencies.rb:462:in `load_missing_constant'
  activesupport (4.0.0) lib/active_support/dependencies.rb:183:in `const_missing'
  activesupport (4.0.0) lib/active_support/inflector/methods.rb:226:in `const_get'
  activesupport (4.0.0) lib/active_support/inflector/methods.rb:226:in `block in constantize'
  activesupport (4.0.0) lib/active_support/inflector/methods.rb:224:in `each'
  activesupport (4.0.0) lib/active_support/inflector/methods.rb:224:in `inject'
  activesupport (4.0.0) lib/active_support/inflector/methods.rb:224:in `constantize'
  activesupport (4.0.0) lib/active_support/dependencies.rb:534:in `get'
  activesupport (4.0.0) lib/active_support/dependencies.rb:565:in `constantize'
  actionpack (4.0.0) lib/action_dispatch/routing/route_set.rb:76:in `controller_reference'
  actionpack (4.0.0) lib/action_dispatch/routing/route_set.rb:66:in `controller'
  actionpack (4.0.0) lib/action_dispatch/routing/route_set.rb:44:in `call'
  actionpack (4.0.0) lib/action_dispatch/journey/router.rb:71:in `block in call'
  actionpack (4.0.0) lib/action_dispatch/journey/router.rb:59:in `each'
  actionpack (4.0.0) lib/action_dispatch/journey/router.rb:59:in `call'
  actionpack (4.0.0) lib/action_dispatch/routing/route_set.rb:655:in `call'
  rack (1.5.2) lib/rack/etag.rb:23:in `call'
  rack (1.5.2) lib/rack/conditionalget.rb:25:in `call'
  rack (1.5.2) lib/rack/head.rb:11:in `call'
  actionpack (4.0.0) lib/action_dispatch/middleware/params_parser.rb:27:in `call'
  actionpack (4.0.0) lib/action_dispatch/middleware/flash.rb:241:in `call'
  rack (1.5.2) lib/rack/session/abstract/id.rb:225:in `context'
  rack (1.5.2) lib/rack/session/abstract/id.rb:220:in `call'
  actionpack (4.0.0) lib/action_dispatch/middleware/cookies.rb:486:in `call'
  activerecord (4.0.0) lib/active_record/query_cache.rb:36:in `call'
  activerecord (4.0.0) lib/active_record/connection_adapters/abstract/connection_pool.rb:626:in `call'
  activerecord (4.0.0) lib/active_record/migration.rb:369:in `call'
  actionpack (4.0.0) lib/action_dispatch/middleware/callbacks.rb:29:in `block in call'
  activesupport (4.0.0) lib/active_support/callbacks.rb:373:in `_run__2023655024914801770__call__callbacks'
  activesupport (4.0.0) lib/active_support/callbacks.rb:80:in `run_callbacks'
  actionpack (4.0.0) lib/action_dispatch/middleware/callbacks.rb:27:in `call'
  actionpack (4.0.0) lib/action_dispatch/middleware/reloader.rb:64:in `call'
  actionpack (4.0.0) lib/action_dispatch/middleware/remote_ip.rb:76:in `call'
  actionpack (4.0.0) lib/action_dispatch/middleware/debug_exceptions.rb:17:in `call'
  actionpack (4.0.0) lib/action_dispatch/middleware/show_exceptions.rb:30:in `call'
  railties (4.0.0) lib/rails/rack/logger.rb:38:in `call_app'
  railties (4.0.0) lib/rails/rack/logger.rb:21:in `block in call'
  activesupport (4.0.0) lib/active_support/tagged_logging.rb:67:in `block in tagged'
  activesupport (4.0.0) lib/active_support/tagged_logging.rb:25:in `tagged'
  activesupport (4.0.0) lib/active_support/tagged_logging.rb:67:in `tagged'
  railties (4.0.0) lib/rails/rack/logger.rb:21:in `call'
  actionpack (4.0.0) lib/action_dispatch/middleware/request_id.rb:21:in `call'
  rack (1.5.2) lib/rack/methodoverride.rb:21:in `call'
  rack (1.5.2) lib/rack/runtime.rb:17:in `call'
  activesupport (4.0.0) lib/active_support/cache/strategy/local_cache.rb:83:in `call'
  rack (1.5.2) lib/rack/lock.rb:17:in `call'
  actionpack (4.0.0) lib/action_dispatch/middleware/static.rb:64:in `call'
  railties (4.0.0) lib/rails/engine.rb:511:in `call'
  railties (4.0.0) lib/rails/application.rb:97:in `call'
  rack (1.5.2) lib/rack/lock.rb:17:in `call'
  rack (1.5.2) lib/rack/content_length.rb:14:in `call'
  rack (1.5.2) lib/rack/handler/webrick.rb:60:in `service'
  /opt/rh/ruby193/root/usr/share/ruby/webrick/httpserver.rb:138:in `service'
  /opt/rh/ruby193/root/usr/share/ruby/webrick/httpserver.rb:94:in `run'
  /opt/rh/ruby193/root/usr/share/ruby/webrick/server.rb:191:in `block in start_thread'


  Rendered /usr/libexec/openshift/cartridges/c9-0.1/root/lib/ruby/gems/gems/actionpack-4.0.0/lib/action_dispatch/middleware/templates/rescues/_source.erb (1.0ms)
  Rendered /usr/libexec/openshift/cartridges/c9-0.1/root/lib/ruby/gems/gems/actionpack-4.0.0/lib/action_dispatch/middleware/templates/rescues/_trace.erb (2.1ms)
  Rendered /usr/libexec/openshift/cartridges/c9-0.1/root/lib/ruby/gems/gems/actionpack-4.0.0/lib/action_dispatch/middleware/templates/rescues/_request_and_response.erb (3.3ms)
  Rendered /usr/libexec/openshift/cartridges/c9-0.1/root/lib/ruby/gems/gems/actionpack-4.0.0/lib/action_dispatch/middleware/templates/rescues/diagnostics.erb within rescues/layout (109.1ms)


Started GET "/?x=y" for 127.2.22.1 at 2014-03-28 06:02:52 -0400
Processing by ApplicationController#index as HTML
  Parameters: {"x"=>"y"}
X: 
Completed 500 Internal Server Error in 6ms

ActionView::MissingTemplate (Missing template application/index with {:locale=>[:en], :formats=>[:html], :handlers=>[:erb, :builder, :raw, :ruby, :jbuilder, :coffee]}. Searched in:
  * "/var/lib/stickshift/5331773e5973cae52c00004b/app-root/data/811745/app/views"
):
  actionpack (4.0.0) lib/action_view/path_set.rb:46:in `find'
  actionpack (4.0.0) lib/action_view/lookup_context.rb:115:in `find'
  actionpack (4.0.0) lib/action_view/renderer/abstract_renderer.rb:18:in `find_template'
  actionpack (4.0.0) lib/action_view/renderer/template_renderer.rb:35:in `determine_template'
  actionpack (4.0.0) lib/action_view/renderer/template_renderer.rb:8:in `render'
  actionpack (4.0.0) lib/action_view/renderer/renderer.rb:42:in `render_template'
  actionpack (4.0.0) lib/action_view/renderer/renderer.rb:23:in `render'
  actionpack (4.0.0) lib/abstract_controller/rendering.rb:127:in `_render_template'
  actionpack (4.0.0) lib/action_controller/metal/streaming.rb:219:in `_render_template'
  actionpack (4.0.0) lib/abstract_controller/rendering.rb:120:in `render_to_body'
  actionpack (4.0.0) lib/action_controller/metal/rendering.rb:33:in `render_to_body'
  actionpack (4.0.0) lib/action_controller/metal/renderers.rb:26:in `render_to_body'
  actionpack (4.0.0) lib/abstract_controller/rendering.rb:97:in `render'
  actionpack (4.0.0) lib/action_controller/metal/rendering.rb:16:in `render'
  actionpack (4.0.0) lib/action_controller/metal/instrumentation.rb:41:in `block (2 levels) in render'
  activesupport (4.0.0) lib/active_support/core_ext/benchmark.rb:12:in `block in ms'
  /opt/rh/ruby193/root/usr/share/ruby/benchmark.rb:295:in `realtime'
  activesupport (4.0.0) lib/active_support/core_ext/benchmark.rb:12:in `ms'
  actionpack (4.0.0) lib/action_controller/metal/instrumentation.rb:41:in `block in render'
  actionpack (4.0.0) lib/action_controller/metal/instrumentation.rb:84:in `cleanup_view_runtime'
  activerecord (4.0.0) lib/active_record/railties/controller_runtime.rb:25:in `cleanup_view_runtime'
  actionpack (4.0.0) lib/action_controller/metal/instrumentation.rb:40:in `render'
  actionpack (4.0.0) lib/action_controller/metal/implicit_render.rb:10:in `default_render'
  actionpack (4.0.0) lib/action_controller/metal/implicit_render.rb:5:in `send_action'
  actionpack (4.0.0) lib/abstract_controller/base.rb:189:in `process_action'
  actionpack (4.0.0) lib/action_controller/metal/rendering.rb:10:in `process_action'
  actionpack (4.0.0) lib/abstract_controller/callbacks.rb:18:in `block in process_action'
  activesupport (4.0.0) lib/active_support/callbacks.rb:403:in `_run__162223998056687110__process_action__callbacks'
  activesupport (4.0.0) lib/active_support/callbacks.rb:80:in `run_callbacks'
  actionpack (4.0.0) lib/abstract_controller/callbacks.rb:17:in `process_action'
  actionpack (4.0.0) lib/action_controller/metal/rescue.rb:29:in `process_action'
  actionpack (4.0.0) lib/action_controller/metal/instrumentation.rb:31:in `block in process_action'
  activesupport (4.0.0) lib/active_support/notifications.rb:159:in `block in instrument'
  activesupport (4.0.0) lib/active_support/notifications/instrumenter.rb:20:in `instrument'
  activesupport (4.0.0) lib/active_support/notifications.rb:159:in `instrument'
  actionpack (4.0.0) lib/action_controller/metal/instrumentation.rb:30:in `process_action'
  actionpack (4.0.0) lib/action_controller/metal/params_wrapper.rb:245:in `process_action'
  activerecord (4.0.0) lib/active_record/railties/controller_runtime.rb:18:in `process_action'
  actionpack (4.0.0) lib/abstract_controller/base.rb:136:in `process'
  actionpack (4.0.0) lib/abstract_controller/rendering.rb:44:in `process'
  actionpack (4.0.0) lib/action_controller/metal.rb:195:in `dispatch'
  actionpack (4.0.0) lib/action_controller/metal/rack_delegation.rb:13:in `dispatch'
  actionpack (4.0.0) lib/action_controller/metal.rb:231:in `block in action'
  actionpack (4.0.0) lib/action_dispatch/routing/route_set.rb:80:in `call'
  actionpack (4.0.0) lib/action_dispatch/routing/route_set.rb:80:in `dispatch'
  actionpack (4.0.0) lib/action_dispatch/routing/route_set.rb:48:in `call'
  actionpack (4.0.0) lib/action_dispatch/journey/router.rb:71:in `block in call'
  actionpack (4.0.0) lib/action_dispatch/journey/router.rb:59:in `each'
  actionpack (4.0.0) lib/action_dispatch/journey/router.rb:59:in `call'
  actionpack (4.0.0) lib/action_dispatch/routing/route_set.rb:655:in `call'
  rack (1.5.2) lib/rack/etag.rb:23:in `call'
  rack (1.5.2) lib/rack/conditionalget.rb:25:in `call'
  rack (1.5.2) lib/rack/head.rb:11:in `call'
  actionpack (4.0.0) lib/action_dispatch/middleware/params_parser.rb:27:in `call'
  actionpack (4.0.0) lib/action_dispatch/middleware/flash.rb:241:in `call'
  rack (1.5.2) lib/rack/session/abstract/id.rb:225:in `context'
  rack (1.5.2) lib/rack/session/abstract/id.rb:220:in `call'
  actionpack (4.0.0) lib/action_dispatch/middleware/cookies.rb:486:in `call'
  activerecord (4.0.0) lib/active_record/query_cache.rb:36:in `call'
  activerecord (4.0.0) lib/active_record/connection_adapters/abstract/connection_pool.rb:626:in `call'
  activerecord (4.0.0) lib/active_record/migration.rb:369:in `call'
  actionpack (4.0.0) lib/action_dispatch/middleware/callbacks.rb:29:in `block in call'
  activesupport (4.0.0) lib/active_support/callbacks.rb:373:in `_run__2023655024914801770__call__callbacks'
  activesupport (4.0.0) lib/active_support/callbacks.rb:80:in `run_callbacks'
  actionpack (4.0.0) lib/action_dispatch/middleware/callbacks.rb:27:in `call'
  actionpack (4.0.0) lib/action_dispatch/middleware/reloader.rb:64:in `call'
  actionpack (4.0.0) lib/action_dispatch/middleware/remote_ip.rb:76:in `call'
  actionpack (4.0.0) lib/action_dispatch/middleware/debug_exceptions.rb:17:in `call'
  actionpack (4.0.0) lib/action_dispatch/middleware/show_exceptions.rb:30:in `call'
  railties (4.0.0) lib/rails/rack/logger.rb:38:in `call_app'
  railties (4.0.0) lib/rails/rack/logger.rb:21:in `block in call'
  activesupport (4.0.0) lib/active_support/tagged_logging.rb:67:in `block in tagged'
  activesupport (4.0.0) lib/active_support/tagged_logging.rb:25:in `tagged'
  activesupport (4.0.0) lib/active_support/tagged_logging.rb:67:in `tagged'
  railties (4.0.0) lib/rails/rack/logger.rb:21:in `call'
  actionpack (4.0.0) lib/action_dispatch/middleware/request_id.rb:21:in `call'
  rack (1.5.2) lib/rack/methodoverride.rb:21:in `call'
  rack (1.5.2) lib/rack/runtime.rb:17:in `call'
  activesupport (4.0.0) lib/active_support/cache/strategy/local_cache.rb:83:in `call'
  rack (1.5.2) lib/rack/lock.rb:17:in `call'
  actionpack (4.0.0) lib/action_dispatch/middleware/static.rb:64:in `call'
  railties (4.0.0) lib/rails/engine.rb:511:in `call'
  railties (4.0.0) lib/rails/application.rb:97:in `call'
  rack (1.5.2) lib/rack/lock.rb:17:in `call'
  rack (1.5.2) lib/rack/content_length.rb:14:in `call'
  rack (1.5.2) lib/rack/handler/webrick.rb:60:in `service'
  /opt/rh/ruby193/root/usr/share/ruby/webrick/httpserver.rb:138:in `service'
  /opt/rh/ruby193/root/usr/share/ruby/webrick/httpserver.rb:94:in `run'
  /opt/rh/ruby193/root/usr/share/ruby/webrick/server.rb:191:in `block in start_thread'


  Rendered /usr/libexec/openshift/cartridges/c9-0.1/root/lib/ruby/gems/gems/actionpack-4.0.0/lib/action_dispatch/middleware/templates/rescues/missing_template.erb within rescues/layout (0.7ms)


Started GET "/?x=y" for 127.2.22.1 at 2014-03-28 06:04:08 -0400
Processing by ApplicationController#index as HTML
  Parameters: {"x"=>"y"}
X: 
Completed 200 OK in 3ms (Views: 0.1ms | ActiveRecord: 0.0ms)


Started GET "/?x=y" for 127.2.22.1 at 2014-03-28 06:05:27 -0400
Processing by ApplicationController#index as HTML
  Parameters: {"x"=>"y"}
X: 
Completed 200 OK in 2ms (Views: 0.3ms | ActiveRecord: 0.0ms)


Started GET "/?x=y" for 127.2.22.1 at 2014-03-28 06:05:47 -0400

SyntaxError (/var/lib/stickshift/5331773e5973cae52c00004b/app-root/data/811745/app/controllers/application_controller.rb:14: syntax error, unexpected tIDENTIFIER, expecting keyword_end):
  activesupport (4.0.0) lib/active_support/dependencies.rb:423:in `load'
  activesupport (4.0.0) lib/active_support/dependencies.rb:423:in `block in load_file'
  activesupport (4.0.0) lib/active_support/dependencies.rb:615:in `new_constants_in'
  activesupport (4.0.0) lib/active_support/dependencies.rb:422:in `load_file'
  activesupport (4.0.0) lib/active_support/dependencies.rb:323:in `require_or_load'
  activesupport (4.0.0) lib/active_support/dependencies.rb:462:in `load_missing_constant'
  activesupport (4.0.0) lib/active_support/dependencies.rb:183:in `const_missing'
  activesupport (4.0.0) lib/active_support/inflector/methods.rb:226:in `const_get'
  activesupport (4.0.0) lib/active_support/inflector/methods.rb:226:in `block in constantize'
  activesupport (4.0.0) lib/active_support/inflector/methods.rb:224:in `each'
  activesupport (4.0.0) lib/active_support/inflector/methods.rb:224:in `inject'
  activesupport (4.0.0) lib/active_support/inflector/methods.rb:224:in `constantize'
  activesupport (4.0.0) lib/active_support/dependencies.rb:534:in `get'
  activesupport (4.0.0) lib/active_support/dependencies.rb:565:in `constantize'
  actionpack (4.0.0) lib/action_dispatch/routing/route_set.rb:76:in `controller_reference'
  actionpack (4.0.0) lib/action_dispatch/routing/route_set.rb:66:in `controller'
  actionpack (4.0.0) lib/action_dispatch/routing/route_set.rb:44:in `call'
  actionpack (4.0.0) lib/action_dispatch/journey/router.rb:71:in `block in call'
  actionpack (4.0.0) lib/action_dispatch/journey/router.rb:59:in `each'
  actionpack (4.0.0) lib/action_dispatch/journey/router.rb:59:in `call'
  actionpack (4.0.0) lib/action_dispatch/routing/route_set.rb:655:in `call'
  rack (1.5.2) lib/rack/etag.rb:23:in `call'
  rack (1.5.2) lib/rack/conditionalget.rb:25:in `call'
  rack (1.5.2) lib/rack/head.rb:11:in `call'
  actionpack (4.0.0) lib/action_dispatch/middleware/params_parser.rb:27:in `call'
  actionpack (4.0.0) lib/action_dispatch/middleware/flash.rb:241:in `call'
  rack (1.5.2) lib/rack/session/abstract/id.rb:225:in `context'
  rack (1.5.2) lib/rack/session/abstract/id.rb:220:in `call'
  actionpack (4.0.0) lib/action_dispatch/middleware/cookies.rb:486:in `call'
  activerecord (4.0.0) lib/active_record/query_cache.rb:36:in `call'
  activerecord (4.0.0) lib/active_record/connection_adapters/abstract/connection_pool.rb:626:in `call'
  activerecord (4.0.0) lib/active_record/migration.rb:369:in `call'
  actionpack (4.0.0) lib/action_dispatch/middleware/callbacks.rb:29:in `block in call'
  activesupport (4.0.0) lib/active_support/callbacks.rb:373:in `_run__2023655024914801770__call__callbacks'
  activesupport (4.0.0) lib/active_support/callbacks.rb:80:in `run_callbacks'
  actionpack (4.0.0) lib/action_dispatch/middleware/callbacks.rb:27:in `call'
  actionpack (4.0.0) lib/action_dispatch/middleware/reloader.rb:64:in `call'
  actionpack (4.0.0) lib/action_dispatch/middleware/remote_ip.rb:76:in `call'
  actionpack (4.0.0) lib/action_dispatch/middleware/debug_exceptions.rb:17:in `call'
  actionpack (4.0.0) lib/action_dispatch/middleware/show_exceptions.rb:30:in `call'
  railties (4.0.0) lib/rails/rack/logger.rb:38:in `call_app'
  railties (4.0.0) lib/rails/rack/logger.rb:21:in `block in call'
  activesupport (4.0.0) lib/active_support/tagged_logging.rb:67:in `block in tagged'
  activesupport (4.0.0) lib/active_support/tagged_logging.rb:25:in `tagged'
  activesupport (4.0.0) lib/active_support/tagged_logging.rb:67:in `tagged'
  railties (4.0.0) lib/rails/rack/logger.rb:21:in `call'
  actionpack (4.0.0) lib/action_dispatch/middleware/request_id.rb:21:in `call'
  rack (1.5.2) lib/rack/methodoverride.rb:21:in `call'
  rack (1.5.2) lib/rack/runtime.rb:17:in `call'
  activesupport (4.0.0) lib/active_support/cache/strategy/local_cache.rb:83:in `call'
  rack (1.5.2) lib/rack/lock.rb:17:in `call'
  actionpack (4.0.0) lib/action_dispatch/middleware/static.rb:64:in `call'
  railties (4.0.0) lib/rails/engine.rb:511:in `call'
  railties (4.0.0) lib/rails/application.rb:97:in `call'
  rack (1.5.2) lib/rack/lock.rb:17:in `call'
  rack (1.5.2) lib/rack/content_length.rb:14:in `call'
  rack (1.5.2) lib/rack/handler/webrick.rb:60:in `service'
  /opt/rh/ruby193/root/usr/share/ruby/webrick/httpserver.rb:138:in `service'
  /opt/rh/ruby193/root/usr/share/ruby/webrick/httpserver.rb:94:in `run'
  /opt/rh/ruby193/root/usr/share/ruby/webrick/server.rb:191:in `block in start_thread'


  Rendered /usr/libexec/openshift/cartridges/c9-0.1/root/lib/ruby/gems/gems/actionpack-4.0.0/lib/action_dispatch/middleware/templates/rescues/_source.erb (0.9ms)
  Rendered /usr/libexec/openshift/cartridges/c9-0.1/root/lib/ruby/gems/gems/actionpack-4.0.0/lib/action_dispatch/middleware/templates/rescues/_trace.erb (1.6ms)
  Rendered /usr/libexec/openshift/cartridges/c9-0.1/root/lib/ruby/gems/gems/actionpack-4.0.0/lib/action_dispatch/middleware/templates/rescues/_request_and_response.erb (1.8ms)
  Rendered /usr/libexec/openshift/cartridges/c9-0.1/root/lib/ruby/gems/gems/actionpack-4.0.0/lib/action_dispatch/middleware/templates/rescues/diagnostics.erb within rescues/layout (105.6ms)


Started GET "/?x=y" for 127.2.22.1 at 2014-03-28 06:05:58 -0400
Processing by ApplicationController#index as HTML
  Parameters: {"x"=>"y"}
X: 
Completed 200 OK in 2ms (Views: 0.6ms | ActiveRecord: 0.0ms)


Started GET "/?x=y" for 127.2.22.1 at 2014-03-28 06:07:40 -0400
Processing by ApplicationController#index as HTML
  Parameters: {"x"=>"y"}
X: 
Completed 200 OK in 1085ms (Views: 26.9ms | ActiveRecord: 0.0ms)


Started GET "/?x=y" for 127.2.22.1 at 2014-03-28 06:09:12 -0400
Processing by ApplicationController#index as HTML
  Parameters: {"x"=>"y"}
X: 
Completed 200 OK in 923ms (Views: 6.2ms | ActiveRecord: 0.0ms)


Started GET "/?x=y" for 127.2.22.1 at 2014-03-28 06:10:46 -0400
Processing by ApplicationController#index as HTML
  Parameters: {"x"=>"y"}
Completed 500 Internal Server Error in 198ms

TypeError (can't convert Array into String):
  app/controllers/application_controller.rb:15:in `+'
  app/controllers/application_controller.rb:15:in `index'


  Rendered /usr/libexec/openshift/cartridges/c9-0.1/root/lib/ruby/gems/gems/actionpack-4.0.0/lib/action_dispatch/middleware/templates/rescues/_source.erb (1.1ms)
  Rendered /usr/libexec/openshift/cartridges/c9-0.1/root/lib/ruby/gems/gems/actionpack-4.0.0/lib/action_dispatch/middleware/templates/rescues/_trace.erb (1.7ms)
  Rendered /usr/libexec/openshift/cartridges/c9-0.1/root/lib/ruby/gems/gems/actionpack-4.0.0/lib/action_dispatch/middleware/templates/rescues/_request_and_response.erb (3.3ms)
  Rendered /usr/libexec/openshift/cartridges/c9-0.1/root/lib/ruby/gems/gems/actionpack-4.0.0/lib/action_dispatch/middleware/templates/rescues/diagnostics.erb within rescues/layout (181.2ms)


Started GET "/?x=y" for 127.2.22.1 at 2014-03-28 06:15:56 -0400
Processing by ApplicationController#index as HTML
  Parameters: {"x"=>"y"}
Completed 500 Internal Server Error in 1ms

TypeError (can't convert Array into String):
  app/controllers/application_controller.rb:15:in `+'
  app/controllers/application_controller.rb:15:in `index'


  Rendered /usr/libexec/openshift/cartridges/c9-0.1/root/lib/ruby/gems/gems/actionpack-4.0.0/lib/action_dispatch/middleware/templates/rescues/_source.erb (1.7ms)
  Rendered /usr/libexec/openshift/cartridges/c9-0.1/root/lib/ruby/gems/gems/actionpack-4.0.0/lib/action_dispatch/middleware/templates/rescues/_trace.erb (5.9ms)
  Rendered /usr/libexec/openshift/cartridges/c9-0.1/root/lib/ruby/gems/gems/actionpack-4.0.0/lib/action_dispatch/middleware/templates/rescues/_request_and_response.erb (1.6ms)
  Rendered /usr/libexec/openshift/cartridges/c9-0.1/root/lib/ruby/gems/gems/actionpack-4.0.0/lib/action_dispatch/middleware/templates/rescues/diagnostics.erb within rescues/layout (179.8ms)


Started GET "/?x=y" for 127.2.22.1 at 2014-03-28 06:16:06 -0400
Processing by ApplicationController#index as HTML
  Parameters: {"x"=>"y"}
Completed 200 OK in 1070ms (Views: 106.1ms | ActiveRecord: 0.0ms)
